2021-05-07T06:18:58+00:00 CRITICAL Uncaught Error: Unknown named parameter $tasks_meta_id in D:\preethi\xamp\htdocs\bhuvana\wordpress\wp-includes\class-wp-hook.php:292
Stack trace:
#0 D:\preethi\xamp\htdocs\bhuvana\wordpress\wp-includes\class-wp-hook.php(316): WP_Hook->apply_filters('', Array)
#1 D:\preethi\xamp\htdocs\bhuvana\wordpress\wp-includes\plugin.php(551): WP_Hook->do_action(Array)
#2 D:\preethi\xamp\htdocs\bhuvana\wordpress\wp-content\plugins\woocommerce\packages\action-scheduler\classes\actions\ActionScheduler_Action.php(22): do_action_ref_array('wpforms_admin_n...', Array)
#3 D:\preethi\xamp\htdocs\bhuvana\wordpress\wp-content\plugins\woocommerce\packages\action-scheduler\classes\abstracts\ActionScheduler_Abstract_QueueRunner.php(65): ActionScheduler_Action->execute()
#4 D:\preethi\xamp\htdocs\bhuvana\wordpress\wp-content\plugins\woocommerce\packages\action-scheduler\classes\ActionScheduler_QueueRunner.php(162): ActionScheduler_Abstract_QueueRunner->process_action(112, 'WP Cron')
#5 D:\preethi\xamp\htdocs\bhuvana\wordpress\wp-content\plugins\woocommerce\packages\action-scheduler\classes\ActionScheduler_QueueRunner.php(132): ActionScheduler_QueueRunner->do_batch(25, 'WP Cron')
#6 D:\preethi\xamp\htdocs\bhuvana\wordpress\wp-includes\class-wp-hook.php(292): ActionScheduler_QueueRunner->run('WP Cron')
#7 D:\preethi\xamp\htdocs\bhuvana\wordpress\wp-includes\class-wp-hook.php(316): WP_Hook->apply_filters('', Array)
#8 D:\preethi\xamp\htdocs\bhuvana\wordpress\wp-includes\plugin.php(551): WP_Hook->do_action(Array)
#9 D:\preethi\xamp\htdocs\bhuvana\wordpress\wp-cron.php(138): do_action_ref_array('action_schedule...', Array)
#10 {main}
  thrown in D:\preethi\xamp\htdocs\bhuvana\wordpress\wp-includes\class-wp-hook.php on line 292

2021-05-07T06:21:00+00:00 CRITICAL Uncaught Error: Unknown named parameter $tasks_meta_id in D:\preethi\xamp\htdocs\bhuvana\wordpress\wp-includes\class-wp-hook.php:292
Stack trace:
#0 D:\preethi\xamp\htdocs\bhuvana\wordpress\wp-includes\class-wp-hook.php(316): WP_Hook->apply_filters('', Array)
#1 D:\preethi\xamp\htdocs\bhuvana\wordpress\wp-includes\plugin.php(551): WP_Hook->do_action(Array)
#2 D:\preethi\xamp\htdocs\bhuvana\wordpress\wp-content\plugins\woocommerce\packages\action-scheduler\classes\actions\ActionScheduler_Action.php(22): do_action_ref_array('wpforms_admin_n...', Array)
#3 D:\preethi\xamp\htdocs\bhuvana\wordpress\wp-content\plugins\woocommerce\packages\action-scheduler\classes\abstracts\ActionScheduler_Abstract_QueueRunner.php(65): ActionScheduler_Action->execute()
#4 D:\preethi\xamp\htdocs\bhuvana\wordpress\wp-content\plugins\woocommerce\packages\action-scheduler\classes\ActionScheduler_QueueRunner.php(162): ActionScheduler_Abstract_QueueRunner->process_action(114, 'WP Cron')
#5 D:\preethi\xamp\htdocs\bhuvana\wordpress\wp-content\plugins\woocommerce\packages\action-scheduler\classes\ActionScheduler_QueueRunner.php(132): ActionScheduler_QueueRunner->do_batch(25, 'WP Cron')
#6 D:\preethi\xamp\htdocs\bhuvana\wordpress\wp-includes\class-wp-hook.php(292): ActionScheduler_QueueRunner->run('WP Cron')
#7 D:\preethi\xamp\htdocs\bhuvana\wordpress\wp-includes\class-wp-hook.php(316): WP_Hook->apply_filters('', Array)
#8 D:\preethi\xamp\htdocs\bhuvana\wordpress\wp-includes\plugin.php(551): WP_Hook->do_action(Array)
#9 D:\preethi\xamp\htdocs\bhuvana\wordpress\wp-cron.php(138): do_action_ref_array('action_schedule...', Array)
#10 {main}
  thrown in D:\preethi\xamp\htdocs\bhuvana\wordpress\wp-includes\class-wp-hook.php on line 292

2021-05-07T06:47:16+00:00 CRITICAL Uncaught Error: Unknown named parameter $tasks_meta_id in D:\preethi\xamp\htdocs\bhuvana\wordpress\wp-includes\class-wp-hook.php:292
Stack trace:
#0 D:\preethi\xamp\htdocs\bhuvana\wordpress\wp-includes\class-wp-hook.php(316): WP_Hook->apply_filters('', Array)
#1 D:\preethi\xamp\htdocs\bhuvana\wordpress\wp-includes\plugin.php(551): WP_Hook->do_action(Array)
#2 D:\preethi\xamp\htdocs\bhuvana\wordpress\wp-content\plugins\woocommerce\packages\action-scheduler\classes\actions\ActionScheduler_Action.php(22): do_action_ref_array('wpforms_admin_n...', Array)
#3 D:\preethi\xamp\htdocs\bhuvana\wordpress\wp-content\plugins\woocommerce\packages\action-scheduler\classes\abstracts\ActionScheduler_Abstract_QueueRunner.php(65): ActionScheduler_Action->execute()
#4 D:\preethi\xamp\htdocs\bhuvana\wordpress\wp-content\plugins\woocommerce\packages\action-scheduler\classes\ActionScheduler_QueueRunner.php(162): ActionScheduler_Abstract_QueueRunner->process_action(120, 'WP Cron')
#5 D:\preethi\xamp\htdocs\bhuvana\wordpress\wp-content\plugins\woocommerce\packages\action-scheduler\classes\ActionScheduler_QueueRunner.php(132): ActionScheduler_QueueRunner->do_batch(25, 'WP Cron')
#6 D:\preethi\xamp\htdocs\bhuvana\wordpress\wp-includes\class-wp-hook.php(292): ActionScheduler_QueueRunner->run('WP Cron')
#7 D:\preethi\xamp\htdocs\bhuvana\wordpress\wp-includes\class-wp-hook.php(316): WP_Hook->apply_filters('', Array)
#8 D:\preethi\xamp\htdocs\bhuvana\wordpress\wp-includes\plugin.php(551): WP_Hook->do_action(Array)
#9 D:\preethi\xamp\htdocs\bhuvana\wordpress\wp-cron.php(138): do_action_ref_array('action_schedule...', Array)
#10 {main}
  thrown in D:\preethi\xamp\htdocs\bhuvana\wordpress\wp-includes\class-wp-hook.php on line 292

2021-05-07T06:47:36+00:00 CRITICAL Uncaught Error: Unknown named parameter $tasks_meta_id in D:\preethi\xamp\htdocs\bhuvana\wordpress\wp-includes\class-wp-hook.php:292
Stack trace:
#0 D:\preethi\xamp\htdocs\bhuvana\wordpress\wp-includes\class-wp-hook.php(316): WP_Hook->apply_filters('', Array)
#1 D:\preethi\xamp\htdocs\bhuvana\wordpress\wp-includes\plugin.php(551): WP_Hook->do_action(Array)
#2 D:\preethi\xamp\htdocs\bhuvana\wordpress\wp-content\plugins\woocommerce\packages\action-scheduler\classes\actions\ActionScheduler_Action.php(22): do_action_ref_array('wpforms_admin_n...', Array)
#3 D:\preethi\xamp\htdocs\bhuvana\wordpress\wp-content\plugins\woocommerce\packages\action-scheduler\classes\abstracts\ActionScheduler_Abstract_QueueRunner.php(65): ActionScheduler_Action->execute()
#4 D:\preethi\xamp\htdocs\bhuvana\wordpress\wp-content\plugins\woocommerce\packages\action-scheduler\classes\ActionScheduler_QueueRunner.php(162): ActionScheduler_Abstract_QueueRunner->process_action(122, 'Async Request')
#5 D:\preethi\xamp\htdocs\bhuvana\wordpress\wp-content\plugins\woocommerce\packages\action-scheduler\classes\ActionScheduler_QueueRunner.php(132): ActionScheduler_QueueRunner->do_batch(25, 'Async Request')
#6 D:\preethi\xamp\htdocs\bhuvana\wordpress\wp-includes\class-wp-hook.php(292): ActionScheduler_QueueRunner->run('Async Request')
#7 D:\preethi\xamp\htdocs\bhuvana\wordpress\wp-includes\class-wp-hook.php(316): WP_Hook->apply_filters('', Array)
#8 D:\preethi\xamp\htdocs\bhuvana\wordpress\wp-includes\plugin.php(484): WP_Hook->do_action(Array)
#9 D:\preethi\xamp\htdocs\bhuvana\wordpress\wp-content\plugins\woocommerce\packages\action-scheduler\classes\ActionScheduler_AsyncRequest_QueueRunner.php(52): do_action('action_schedule...', 'Async Request')
#10 D:\preethi\xamp\htdocs\bhuvana\wordpress\wp-content\plugins\woocommerce\includes\libraries\wp-async-request.php(147): ActionScheduler_AsyncRequest_QueueRunner->handle()
#11 D:\preethi\xamp\htdocs\bhuvana\wordpress\wp-includes\class-wp-hook.php(292): WP_Async_Request->maybe_handle('')
#12 D:\preethi\xamp\htdocs\bhuvana\wordpress\wp-includes\class-wp-hook.php(316): WP_Hook->apply_filters('', Array)
#13 D:\preethi\xamp\htdocs\bhuvana\wordpress\wp-includes\plugin.php(484): WP_Hook->do_action(Array)
#14 D:\preethi\xamp\htdocs\bhuvana\wordpress\wp-admin\admin-ajax.php(187): do_action('wp_ajax_as_asyn...')
#15 {main}
  thrown in D:\preethi\xamp\htdocs\bhuvana\wordpress\wp-includes\class-wp-hook.php on line 292

2021-05-07T06:48:41+00:00 CRITICAL Uncaught Error: Unknown named parameter $tasks_meta_id in D:\preethi\xamp\htdocs\bhuvana\wordpress\wp-includes\class-wp-hook.php:292
Stack trace:
#0 D:\preethi\xamp\htdocs\bhuvana\wordpress\wp-includes\class-wp-hook.php(316): WP_Hook->apply_filters('', Array)
#1 D:\preethi\xamp\htdocs\bhuvana\wordpress\wp-includes\plugin.php(551): WP_Hook->do_action(Array)
#2 D:\preethi\xamp\htdocs\bhuvana\wordpress\wp-content\plugins\woocommerce\packages\action-scheduler\classes\actions\ActionScheduler_Action.php(22): do_action_ref_array('wpforms_admin_n...', Array)
#3 D:\preethi\xamp\htdocs\bhuvana\wordpress\wp-content\plugins\woocommerce\packages\action-scheduler\classes\abstracts\ActionScheduler_Abstract_QueueRunner.php(65): ActionScheduler_Action->execute()
#4 D:\preethi\xamp\htdocs\bhuvana\wordpress\wp-content\plugins\woocommerce\packages\action-scheduler\classes\ActionScheduler_QueueRunner.php(162): ActionScheduler_Abstract_QueueRunner->process_action(123, 'WP Cron')
#5 D:\preethi\xamp\htdocs\bhuvana\wordpress\wp-content\plugins\woocommerce\packages\action-scheduler\classes\ActionScheduler_QueueRunner.php(132): ActionScheduler_QueueRunner->do_batch(25, 'WP Cron')
#6 D:\preethi\xamp\htdocs\bhuvana\wordpress\wp-includes\class-wp-hook.php(292): ActionScheduler_QueueRunner->run('WP Cron')
#7 D:\preethi\xamp\htdocs\bhuvana\wordpress\wp-includes\class-wp-hook.php(316): WP_Hook->apply_filters('', Array)
#8 D:\preethi\xamp\htdocs\bhuvana\wordpress\wp-includes\plugin.php(551): WP_Hook->do_action(Array)
#9 D:\preethi\xamp\htdocs\bhuvana\wordpress\wp-cron.php(138): do_action_ref_array('action_schedule...', Array)
#10 {main}
  thrown in D:\preethi\xamp\htdocs\bhuvana\wordpress\wp-includes\class-wp-hook.php on line 292

